<?xml version="1.0" encoding="UTF-8"?>
<!-- Generated by org.testng.reporters.JUnitReportReporter -->
<testsuite hostname="DESKTOP-U3UA2VB" failures="0" tests="1" name="Demo.AuthenticationHandling" time="4.252" errors="0" timestamp="2020-08-19T20:39:34 IST" skipped="0">
  <testcase classname="Demo.AuthenticationHandling" name="authentication" time="4.252"/>
  <system-out/>
</testsuite> <!-- Demo.AuthenticationHandling -->
