<?xml version="1.0" encoding="UTF-8"?>
<!-- Generated by org.testng.reporters.JUnitReportReporter -->
<testsuite hostname="DESKTOP-U3UA2VB" failures="0" tests="1" name="Demo.DeleteAPI" time="3.737" errors="0" timestamp="2020-08-19T18:57:58 IST" skipped="0">
  <testcase classname="Demo.DeleteAPI" name="delete" time="3.737"/>
  <system-out/>
</testsuite> <!-- Demo.DeleteAPI -->
