<?xml version="1.0" encoding="UTF-8"?>
<!-- Generated by org.testng.reporters.JUnitReportReporter -->
<testsuite hostname="DESKTOP-U3UA2VB" failures="0" tests="1" name="Demo.PatchApi" time="4.312" errors="0" timestamp="2020-08-19T18:54:33 IST" skipped="0">
  <testcase classname="Demo.PatchApi" name="put" time="4.312"/>
  <system-out/>
</testsuite> <!-- Demo.PatchApi -->
