<?xml version="1.0" encoding="UTF-8"?>
<!-- Generated by org.testng.reporters.JUnitReportReporter -->
<testsuite hostname="DESKTOP-U3UA2VB" failures="0" tests="1" name="Demo.PostApi" time="3.633" errors="0" timestamp="2020-08-19T18:42:31 IST" skipped="0">
  <testcase classname="Demo.PostApi" name="post" time="3.633"/>
  <system-out/>
</testsuite> <!-- Demo.PostApi -->
