<?xml version="1.0" encoding="UTF-8"?>
<!-- Generated by org.testng.reporters.JUnitReportReporter -->
<testsuite hostname="DESKTOP-U3UA2VB" failures="0" tests="2" name="xsltreportdemo.FirstReport" time="0.018" errors="0" timestamp="2020-08-28T12:59:45 IST" skipped="0">
  <testcase classname="xsltreportdemo.FirstReport" name="test" time="0.015"/>
  <system-out/>
  <testcase classname="xsltreportdemo.FirstReport" name="test1" time="0.003"/>
  <system-out/>
</testsuite> <!-- xsltreportdemo.FirstReport -->
