<?xml version="1.0" encoding="UTF-8"?>
<!-- Generated by org.testng.reporters.JUnitReportReporter -->
<testsuite hostname="DESKTOP-U3UA2VB" failures="0" tests="1" name="Demo.PutApi" time="3.482" errors="0" timestamp="2020-08-19T18:47:33 IST" skipped="0">
  <testcase classname="Demo.PutApi" name="put" time="3.482"/>
  <system-out/>
</testsuite> <!-- Demo.PutApi -->
