<?xml version="1.0" encoding="UTF-8"?>
<!-- Generated by org.testng.reporters.JUnitReportReporter -->
<testsuite hostname="DESKTOP-U3UA2VB" failures="0" tests="2" name="baseClass.TestClass" time="0.489" errors="0" timestamp="2020-08-29T18:30:29 IST" skipped="0">
  <testcase classname="baseClass.TestClass" name="testapplication" time="0.268"/>
  <system-out>
----------First Test Completed--------------  </system-out>
  <testcase classname="baseClass.TestClass" name="testapplication2" time="0.221"/>
  <system-out>
----------Second Test Completed--------------  </system-out>
</testsuite> <!-- baseClass.TestClass -->
